Analysis & Synthesis report for lab6_CPU
Fri Aug 09 12:40:48 2019
Quartus Prime Version 16.1.0 Build 196 10/24/2016 SJ Standard Edition


---------------------
; Table of Contents ;
---------------------
  1. Legal Notice
  2. Analysis & Synthesis Summary
  3. Analysis & Synthesis Settings
  4. Parallel Compilation
  5. Analysis & Synthesis Source Files Read
  6. Analysis & Synthesis Resource Usage Summary
  7. Analysis & Synthesis Resource Utilization by Entity
  8. Analysis & Synthesis RAM Summary
  9. Analysis & Synthesis IP Cores Summary
 10. Registers Removed During Synthesis
 11. General Register Statistics
 12. Multiplexer Restructuring Statistics (Restructuring Performed)
 13. Source assignments for RAM:comb_12|altsyncram:altsyncram_component|altsyncram_91o1:auto_generated
 14. Parameter Settings for User Entity Instance: RAM:comb_12|altsyncram:altsyncram_component
 15. altsyncram Parameter Settings by Entity Instance
 16. Port Connectivity Checks: "CPU:cpu1|SHIFTER:shf1"
 17. Post-Synthesis Netlist Statistics for Top Partition
 18. Elapsed Time Per Partition
 19. Analysis & Synthesis Messages
 20. Analysis & Synthesis Suppressed Messages



----------------
; Legal Notice ;
----------------
Copyright (C) 2016  Intel Corporation. All rights reserved.
Your use of Intel Corporation's design tools, logic functions 
and other software and tools, and its AMPP partner logic 
functions, and any output files from any of the foregoing 
(including device programming or simulation files), and any 
associated documentation or information are expressly subject 
to the terms and conditions of the Intel Program License 
Subscription Agreement, the Intel Quartus Prime License Agreement,
the Intel MegaCore Function License Agreement, or other 
applicable license agreement, including, without limitation, 
that your use is for the sole purpose of programming logic 
devices manufactured by Intel and sold by Intel or its 
authorized distributors.  Please refer to the applicable 
agreement for further details.



+-----------------------------------------------------------------------------------+
; Analysis & Synthesis Summary                                                      ;
+---------------------------------+-------------------------------------------------+
; Analysis & Synthesis Status     ; Successful - Fri Aug 09 12:40:48 2019           ;
; Quartus Prime Version           ; 16.1.0 Build 196 10/24/2016 SJ Standard Edition ;
; Revision Name                   ; lab6_CPU                                        ;
; Top-level Entity Name           ; lab6_CPU                                        ;
; Family                          ; Cyclone V                                       ;
; Logic utilization (in ALMs)     ; N/A                                             ;
; Total registers                 ; 48                                              ;
; Total pins                      ; 61                                              ;
; Total virtual pins              ; 0                                               ;
; Total block memory bits         ; 2,048                                           ;
; Total DSP Blocks                ; 0                                               ;
; Total HSSI RX PCSs              ; 0                                               ;
; Total HSSI PMA RX Deserializers ; 0                                               ;
; Total HSSI TX PCSs              ; 0                                               ;
; Total HSSI PMA TX Serializers   ; 0                                               ;
; Total PLLs                      ; 0                                               ;
; Total DLLs                      ; 0                                               ;
+---------------------------------+-------------------------------------------------+


+---------------------------------------------------------------------------------------------------------------------------+
; Analysis & Synthesis Settings                                                                                             ;
+---------------------------------------------------------------------------------+--------------------+--------------------+
; Option                                                                          ; Setting            ; Default Value      ;
+---------------------------------------------------------------------------------+--------------------+--------------------+
; Device                                                                          ; 5CSEMA5F31C6       ;                    ;
; Top-level entity name                                                           ; lab6_CPU           ; lab6_CPU           ;
; Family name                                                                     ; Cyclone V          ; Cyclone V          ;
; Use smart compilation                                                           ; Off                ; Off                ;
; Enable parallel Assembler and TimeQuest Timing Analyzer during compilation      ; On                 ; On                 ;
; Enable compact report table                                                     ; Off                ; Off                ;
; Restructure Multiplexers                                                        ; Auto               ; Auto               ;
; MLAB Add Timing Constraints For Mixed-Port Feed-Through Mode Setting Don't Care ; Off                ; Off                ;
; Create Debugging Nodes for IP Cores                                             ; Off                ; Off                ;
; Preserve fewer node names                                                       ; On                 ; On                 ;
; OpenCore Plus hardware evaluation                                               ; Enable             ; Enable             ;
; Verilog Version                                                                 ; Verilog_2001       ; Verilog_2001       ;
; VHDL Version                                                                    ; VHDL_1993          ; VHDL_1993          ;
; State Machine Processing                                                        ; Auto               ; Auto               ;
; Safe State Machine                                                              ; Off                ; Off                ;
; Extract Verilog State Machines                                                  ; On                 ; On                 ;
; Extract VHDL State Machines                                                     ; On                 ; On                 ;
; Ignore Verilog initial constructs                                               ; Off                ; Off                ;
; Iteration limit for constant Verilog loops                                      ; 5000               ; 5000               ;
; Iteration limit for non-constant Verilog loops                                  ; 250                ; 250                ;
; Add Pass-Through Logic to Inferred RAMs                                         ; On                 ; On                 ;
; Infer RAMs from Raw Logic                                                       ; On                 ; On                 ;
; Parallel Synthesis                                                              ; On                 ; On                 ;
; DSP Block Balancing                                                             ; Auto               ; Auto               ;
; NOT Gate Push-Back                                                              ; On                 ; On                 ;
; Power-Up Don't Care                                                             ; On                 ; On                 ;
; Remove Redundant Logic Cells                                                    ; Off                ; Off                ;
; Remove Duplicate Registers                                                      ; On                 ; On                 ;
; Ignore CARRY Buffers                                                            ; Off                ; Off                ;
; Ignore CASCADE Buffers                                                          ; Off                ; Off                ;
; Ignore GLOBAL Buffers                                                           ; Off                ; Off                ;
; Ignore ROW GLOBAL Buffers                                                       ; Off                ; Off                ;
; Ignore LCELL Buffers                                                            ; Off                ; Off                ;
; Ignore SOFT Buffers                                                             ; On                 ; On                 ;
; Limit AHDL Integers to 32 Bits                                                  ; Off                ; Off                ;
; Optimization Technique                                                          ; Balanced           ; Balanced           ;
; Carry Chain Length                                                              ; 70                 ; 70                 ;
; Auto Carry Chains                                                               ; On                 ; On                 ;
; Auto Open-Drain Pins                                                            ; On                 ; On                 ;
; Perform WYSIWYG Primitive Resynthesis                                           ; Off                ; Off                ;
; Auto ROM Replacement                                                            ; On                 ; On                 ;
; Auto RAM Replacement                                                            ; On                 ; On                 ;
; Auto DSP Block Replacement                                                      ; On                 ; On                 ;
; Auto Shift Register Replacement                                                 ; Auto               ; Auto               ;
; Allow Shift Register Merging across Hierarchies                                 ; Auto               ; Auto               ;
; Auto Clock Enable Replacement                                                   ; On                 ; On                 ;
; Strict RAM Replacement                                                          ; Off                ; Off                ;
; Allow Synchronous Control Signals                                               ; On                 ; On                 ;
; Force Use of Synchronous Clear Signals                                          ; Off                ; Off                ;
; Auto Resource Sharing                                                           ; Off                ; Off                ;
; Allow Any RAM Size For Recognition                                              ; Off                ; Off                ;
; Allow Any ROM Size For Recognition                                              ; Off                ; Off                ;
; Allow Any Shift Register Size For Recognition                                   ; Off                ; Off                ;
; Use LogicLock Constraints during Resource Balancing                             ; On                 ; On                 ;
; Ignore translate_off and synthesis_off directives                               ; Off                ; Off                ;
; Timing-Driven Synthesis                                                         ; On                 ; On                 ;
; Report Parameter Settings                                                       ; On                 ; On                 ;
; Report Source Assignments                                                       ; On                 ; On                 ;
; Report Connectivity Checks                                                      ; On                 ; On                 ;
; Ignore Maximum Fan-Out Assignments                                              ; Off                ; Off                ;
; Synchronization Register Chain Length                                           ; 3                  ; 3                  ;
; PowerPlay Power Optimization During Synthesis                                   ; Normal compilation ; Normal compilation ;
; HDL message level                                                               ; Level2             ; Level2             ;
; Suppress Register Optimization Related Messages                                 ; Off                ; Off                ;
; Number of Removed Registers Reported in Synthesis Report                        ; 5000               ; 5000               ;
; Number of Swept Nodes Reported in Synthesis Report                              ; 5000               ; 5000               ;
; Number of Inverted Registers Reported in Synthesis Report                       ; 100                ; 100                ;
; Clock MUX Protection                                                            ; On                 ; On                 ;
; Auto Gated Clock Conversion                                                     ; Off                ; Off                ;
; Block Design Naming                                                             ; Auto               ; Auto               ;
; SDC constraint protection                                                       ; Off                ; Off                ;
; Synthesis Effort                                                                ; Auto               ; Auto               ;
; Shift Register Replacement - Allow Asynchronous Clear Signal                    ; On                 ; On                 ;
; Pre-Mapping Resynthesis Optimization                                            ; Off                ; Off                ;
; Analysis & Synthesis Message Level                                              ; Medium             ; Medium             ;
; Disable Register Merging Across Hierarchies                                     ; Auto               ; Auto               ;
; Resource Aware Inference For Block RAM                                          ; On                 ; On                 ;
; Automatic Parallel Synthesis                                                    ; On                 ; On                 ;
; Partial Reconfiguration Bitstream ID                                            ; Off                ; Off                ;
+---------------------------------------------------------------------------------+--------------------+--------------------+


+------------------------------------------+
; Parallel Compilation                     ;
+----------------------------+-------------+
; Processors                 ; Number      ;
+----------------------------+-------------+
; Number detected on machine ; 4           ;
; Maximum allowed            ; 4           ;
;                            ;             ;
; Average used               ; 1.00        ;
; Maximum used               ; 4           ;
;                            ;             ;
; Usage by Processor         ; % Time Used ;
;     Processor 1            ; 100.0%      ;
;     Processors 2-4         ;   0.0%      ;
+----------------------------+-------------+


+---------------------------------------------------------------------------------------------------------------------------------------------------------------------------+
; Analysis & Synthesis Source Files Read                                                                                                                                    ;
+----------------------------------+-----------------+----------------------------------+-------------------------------------------------------------------------+---------+
; File Name with User-Entered Path ; Used in Netlist ; File Type                        ; File Name with Absolute Path                                            ; Library ;
+----------------------------------+-----------------+----------------------------------+-------------------------------------------------------------------------+---------+
; NRLT_microcode_rom.v             ; yes             ; User Verilog HDL File            ; C:/Users/Lthomsonpulikko2565/Desktop/CPU/CPU/NRLT_microcode_rom.v       ;         ;
; SHIFTER.v                        ; yes             ; User Verilog HDL File            ; C:/Users/Lthomsonpulikko2565/Desktop/CPU/CPU/SHIFTER.v                  ;         ;
; SEVENSEG.v                       ; yes             ; User Verilog HDL File            ; C:/Users/Lthomsonpulikko2565/Desktop/CPU/CPU/SEVENSEG.v                 ;         ;
; REGFILE.v                        ; yes             ; User Verilog HDL File            ; C:/Users/Lthomsonpulikko2565/Desktop/CPU/CPU/REGFILE.v                  ;         ;
; ALU.v                            ; yes             ; User Verilog HDL File            ; C:/Users/Lthomsonpulikko2565/Desktop/CPU/CPU/ALU.v                      ;         ;
; lab6_CPU.v                       ; yes             ; User Verilog HDL File            ; C:/Users/Lthomsonpulikko2565/Desktop/CPU/CPU/lab6_CPU.v                 ;         ;
; CPU.v                            ; yes             ; User Verilog HDL File            ; C:/Users/Lthomsonpulikko2565/Desktop/CPU/CPU/CPU.v                      ;         ;
; RAM.mif                          ; yes             ; User Memory Initialization File  ; C:/Users/Lthomsonpulikko2565/Desktop/CPU/CPU/RAM.mif                    ;         ;
; RAM.v                            ; yes             ; User Wizard-Generated File       ; C:/Users/Lthomsonpulikko2565/Desktop/CPU/CPU/RAM.v                      ;         ;
; altsyncram.tdf                   ; yes             ; Megafunction                     ; c:/intelfpga/16.1/quartus/libraries/megafunctions/altsyncram.tdf        ;         ;
; stratix_ram_block.inc            ; yes             ; Megafunction                     ; c:/intelfpga/16.1/quartus/libraries/megafunctions/stratix_ram_block.inc ;         ;
; lpm_mux.inc                      ; yes             ; Megafunction                     ; c:/intelfpga/16.1/quartus/libraries/megafunctions/lpm_mux.inc           ;         ;
; lpm_decode.inc                   ; yes             ; Megafunction                     ; c:/intelfpga/16.1/quartus/libraries/megafunctions/lpm_decode.inc        ;         ;
; aglobal161.inc                   ; yes             ; Megafunction                     ; c:/intelfpga/16.1/quartus/libraries/megafunctions/aglobal161.inc        ;         ;
; a_rdenreg.inc                    ; yes             ; Megafunction                     ; c:/intelfpga/16.1/quartus/libraries/megafunctions/a_rdenreg.inc         ;         ;
; altrom.inc                       ; yes             ; Megafunction                     ; c:/intelfpga/16.1/quartus/libraries/megafunctions/altrom.inc            ;         ;
; altram.inc                       ; yes             ; Megafunction                     ; c:/intelfpga/16.1/quartus/libraries/megafunctions/altram.inc            ;         ;
; altdpram.inc                     ; yes             ; Megafunction                     ; c:/intelfpga/16.1/quartus/libraries/megafunctions/altdpram.inc          ;         ;
; db/altsyncram_91o1.tdf           ; yes             ; Auto-Generated Megafunction      ; C:/Users/Lthomsonpulikko2565/Desktop/CPU/CPU/db/altsyncram_91o1.tdf     ;         ;
+----------------------------------+-----------------+----------------------------------+-------------------------------------------------------------------------+---------+


+---------------------------------------------------------+
; Analysis & Synthesis Resource Usage Summary             ;
+---------------------------------------------+-----------+
; Resource                                    ; Usage     ;
+---------------------------------------------+-----------+
; Estimate of Logic utilization (ALMs needed) ; 96        ;
;                                             ;           ;
; Combinational ALUT usage for logic          ; 149       ;
;     -- 7 input functions                    ; 4         ;
;     -- 6 input functions                    ; 36        ;
;     -- 5 input functions                    ; 17        ;
;     -- 4 input functions                    ; 66        ;
;     -- <=3 input functions                  ; 26        ;
;                                             ;           ;
; Dedicated logic registers                   ; 48        ;
;                                             ;           ;
; I/O pins                                    ; 61        ;
; Total MLAB memory bits                      ; 0         ;
; Total block memory bits                     ; 2048      ;
;                                             ;           ;
; Total DSP Blocks                            ; 0         ;
;                                             ;           ;
; Maximum fan-out node                        ; KEY~input ;
; Maximum fan-out                             ; 56        ;
; Total fan-out                               ; 999       ;
; Average fan-out                             ; 3.06      ;
+---------------------------------------------+-----------+


+-------------------------------------------------------------------------------------------------------------------------------------------------------------------------------------------------------------------------------------------------------------------------------+
; Analysis & Synthesis Resource Utilization by Entity                                                                                                                                                                                                                           ;
+-------------------------------------------+---------------------+---------------------------+-------------------+------------+------+--------------+--------------------------------------------------------------------------------------+--------------------+--------------+
; Compilation Hierarchy Node                ; Combinational ALUTs ; Dedicated Logic Registers ; Block Memory Bits ; DSP Blocks ; Pins ; Virtual Pins ; Full Hierarchy Name                                                                  ; Entity Name        ; Library Name ;
+-------------------------------------------+---------------------+---------------------------+-------------------+------------+------+--------------+--------------------------------------------------------------------------------------+--------------------+--------------+
; |lab6_CPU                                 ; 149 (0)             ; 48 (0)                    ; 2048              ; 0          ; 61   ; 0            ; |lab6_CPU                                                                            ; lab6_CPU           ; work         ;
;    |CPU:cpu1|                             ; 149 (42)            ; 48 (24)                   ; 0                 ; 0          ; 0    ; 0            ; |lab6_CPU|CPU:cpu1                                                                   ; CPU                ; work         ;
;       |ALU:alu1|                          ; 28 (28)             ; 0 (0)                     ; 0                 ; 0          ; 0    ; 0            ; |lab6_CPU|CPU:cpu1|ALU:alu1                                                          ; ALU                ; work         ;
;       |NRLT_microcode_rom:rom1|           ; 23 (23)             ; 0 (0)                     ; 0                 ; 0          ; 0    ; 0            ; |lab6_CPU|CPU:cpu1|NRLT_microcode_rom:rom1                                           ; NRLT_microcode_rom ; work         ;
;       |REGFILE:reg1|                      ; 14 (14)             ; 24 (24)                   ; 0                 ; 0          ; 0    ; 0            ; |lab6_CPU|CPU:cpu1|REGFILE:reg1                                                      ; REGFILE            ; work         ;
;       |SEVENSEG:SEG0|                     ; 7 (7)               ; 0 (0)                     ; 0                 ; 0          ; 0    ; 0            ; |lab6_CPU|CPU:cpu1|SEVENSEG:SEG0                                                     ; SEVENSEG           ; work         ;
;       |SEVENSEG:SEG1|                     ; 7 (7)               ; 0 (0)                     ; 0                 ; 0          ; 0    ; 0            ; |lab6_CPU|CPU:cpu1|SEVENSEG:SEG1                                                     ; SEVENSEG           ; work         ;
;       |SEVENSEG:SEG2|                     ; 7 (7)               ; 0 (0)                     ; 0                 ; 0          ; 0    ; 0            ; |lab6_CPU|CPU:cpu1|SEVENSEG:SEG2                                                     ; SEVENSEG           ; work         ;
;       |SEVENSEG:SEG3|                     ; 7 (7)               ; 0 (0)                     ; 0                 ; 0          ; 0    ; 0            ; |lab6_CPU|CPU:cpu1|SEVENSEG:SEG3                                                     ; SEVENSEG           ; work         ;
;       |SEVENSEG:SEG4|                     ; 7 (7)               ; 0 (0)                     ; 0                 ; 0          ; 0    ; 0            ; |lab6_CPU|CPU:cpu1|SEVENSEG:SEG4                                                     ; SEVENSEG           ; work         ;
;       |SEVENSEG:SEG5|                     ; 7 (7)               ; 0 (0)                     ; 0                 ; 0          ; 0    ; 0            ; |lab6_CPU|CPU:cpu1|SEVENSEG:SEG5                                                     ; SEVENSEG           ; work         ;
;    |RAM:comb_12|                          ; 0 (0)               ; 0 (0)                     ; 2048              ; 0          ; 0    ; 0            ; |lab6_CPU|RAM:comb_12                                                                ; RAM                ; work         ;
;       |altsyncram:altsyncram_component|   ; 0 (0)               ; 0 (0)                     ; 2048              ; 0          ; 0    ; 0            ; |lab6_CPU|RAM:comb_12|altsyncram:altsyncram_component                                ; altsyncram         ; work         ;
;          |altsyncram_91o1:auto_generated| ; 0 (0)               ; 0 (0)                     ; 2048              ; 0          ; 0    ; 0            ; |lab6_CPU|RAM:comb_12|altsyncram:altsyncram_component|altsyncram_91o1:auto_generated ; altsyncram_91o1    ; work         ;
+-------------------------------------------+---------------------+---------------------------+-------------------+------------+------+--------------+--------------------------------------------------------------------------------------+--------------------+--------------+
Note: For table entries with two numbers listed, the numbers in parentheses indicate the number of resources of the given type used by the specific entity alone. The numbers listed outside of parentheses indicate the total resources of the given type used by the specific entity and all of its sub-entities in the hierarchy.


+-----------------------------------------------------------------------------------------------------------------------------------------------------------------------------------------+
; Analysis & Synthesis RAM Summary                                                                                                                                                        ;
+---------------------------------------------------------------------------------------+------+-------------+--------------+--------------+--------------+--------------+------+---------+
; Name                                                                                  ; Type ; Mode        ; Port A Depth ; Port A Width ; Port B Depth ; Port B Width ; Size ; MIF     ;
+---------------------------------------------------------------------------------------+------+-------------+--------------+--------------+--------------+--------------+------+---------+
; RAM:comb_12|altsyncram:altsyncram_component|altsyncram_91o1:auto_generated|ALTSYNCRAM ; AUTO ; Single Port ; 256          ; 8            ; --           ; --           ; 2048 ; RAM.mif ;
+---------------------------------------------------------------------------------------+------+-------------+--------------+--------------+--------------+--------------+------+---------+


+---------------------------------------------------------------------------------------------------------+
; Analysis & Synthesis IP Cores Summary                                                                   ;
+--------+--------------+---------+--------------+--------------+-----------------------+-----------------+
; Vendor ; IP Core Name ; Version ; Release Date ; License Type ; Entity Instance       ; IP Include File ;
+--------+--------------+---------+--------------+--------------+-----------------------+-----------------+
; Altera ; RAM: 1-PORT  ; 18.1    ; N/A          ; N/A          ; |lab6_CPU|RAM:comb_12 ; RAM.v           ;
+--------+--------------+---------+--------------+--------------+-----------------------+-----------------+


+-------------------------------------------------------------+
; Registers Removed During Synthesis                          ;
+----------------------------------------+--------------------+
; Register name                          ; Reason for Removal ;
+----------------------------------------+--------------------+
; CPU:cpu1|REGFILE:reg1|R[5][7]          ; Lost fanout        ;
; CPU:cpu1|REGFILE:reg1|R[4][7]          ; Lost fanout        ;
; CPU:cpu1|REGFILE:reg1|R[3][7]          ; Lost fanout        ;
; CPU:cpu1|REGFILE:reg1|R[2][7]          ; Lost fanout        ;
; CPU:cpu1|REGFILE:reg1|R[5][6]          ; Lost fanout        ;
; CPU:cpu1|REGFILE:reg1|R[4][6]          ; Lost fanout        ;
; CPU:cpu1|REGFILE:reg1|R[3][6]          ; Lost fanout        ;
; CPU:cpu1|REGFILE:reg1|R[2][6]          ; Lost fanout        ;
; CPU:cpu1|REGFILE:reg1|R[5][5]          ; Lost fanout        ;
; CPU:cpu1|REGFILE:reg1|R[4][5]          ; Lost fanout        ;
; CPU:cpu1|REGFILE:reg1|R[3][5]          ; Lost fanout        ;
; CPU:cpu1|REGFILE:reg1|R[2][5]          ; Lost fanout        ;
; CPU:cpu1|REGFILE:reg1|R[5][4]          ; Lost fanout        ;
; CPU:cpu1|REGFILE:reg1|R[4][4]          ; Lost fanout        ;
; CPU:cpu1|REGFILE:reg1|R[3][4]          ; Lost fanout        ;
; CPU:cpu1|REGFILE:reg1|R[2][4]          ; Lost fanout        ;
; CPU:cpu1|REGFILE:reg1|R[5][3]          ; Lost fanout        ;
; CPU:cpu1|REGFILE:reg1|R[4][3]          ; Lost fanout        ;
; CPU:cpu1|REGFILE:reg1|R[3][3]          ; Lost fanout        ;
; CPU:cpu1|REGFILE:reg1|R[2][3]          ; Lost fanout        ;
; CPU:cpu1|REGFILE:reg1|R[5][2]          ; Lost fanout        ;
; CPU:cpu1|REGFILE:reg1|R[4][2]          ; Lost fanout        ;
; CPU:cpu1|REGFILE:reg1|R[3][2]          ; Lost fanout        ;
; CPU:cpu1|REGFILE:reg1|R[2][2]          ; Lost fanout        ;
; CPU:cpu1|REGFILE:reg1|R[5][1]          ; Lost fanout        ;
; CPU:cpu1|REGFILE:reg1|R[4][1]          ; Lost fanout        ;
; CPU:cpu1|REGFILE:reg1|R[3][1]          ; Lost fanout        ;
; CPU:cpu1|REGFILE:reg1|R[2][1]          ; Lost fanout        ;
; CPU:cpu1|REGFILE:reg1|R[5][0]          ; Lost fanout        ;
; CPU:cpu1|REGFILE:reg1|R[4][0]          ; Lost fanout        ;
; CPU:cpu1|REGFILE:reg1|R[3][0]          ; Lost fanout        ;
; CPU:cpu1|REGFILE:reg1|R[2][0]          ; Lost fanout        ;
; Total Number of Removed Registers = 32 ;                    ;
+----------------------------------------+--------------------+


+------------------------------------------------------+
; General Register Statistics                          ;
+----------------------------------------------+-------+
; Statistic                                    ; Value ;
+----------------------------------------------+-------+
; Total registers                              ; 48    ;
; Number of registers using Synchronous Clear  ; 0     ;
; Number of registers using Synchronous Load   ; 0     ;
; Number of registers using Asynchronous Clear ; 0     ;
; Number of registers using Asynchronous Load  ; 0     ;
; Number of registers using Clock Enable       ; 40    ;
; Number of registers using Preset             ; 0     ;
+----------------------------------------------+-------+


+----------------------------------------------------------------------------------------------------------------------------------------------------+
; Multiplexer Restructuring Statistics (Restructuring Performed)                                                                                     ;
+--------------------+-----------+---------------+----------------------+------------------------+------------+--------------------------------------+
; Multiplexer Inputs ; Bus Width ; Baseline Area ; Area if Restructured ; Saving if Restructured ; Registered ; Example Multiplexer Output           ;
+--------------------+-----------+---------------+----------------------+------------------------+------------+--------------------------------------+
; 3:1                ; 5 bits    ; 10 LEs        ; 10 LEs               ; 0 LEs                  ; Yes        ; |lab6_CPU|CPU:cpu1|CAR[7]            ;
; 4:1                ; 8 bits    ; 16 LEs        ; 16 LEs               ; 0 LEs                  ; No         ; |lab6_CPU|CPU:cpu1|REGFILE:reg1|Mux4 ;
; 3:1                ; 2 bits    ; 4 LEs         ; 4 LEs                ; 0 LEs                  ; No         ; |lab6_CPU|CPU:cpu1|Mux10             ;
; 4:1                ; 8 bits    ; 16 LEs        ; 16 LEs               ; 0 LEs                  ; No         ; |lab6_CPU|CPU:cpu1|Mux12             ;
; 4:1                ; 8 bits    ; 16 LEs        ; 16 LEs               ; 0 LEs                  ; No         ; |lab6_CPU|CPU:cpu1|Mux15             ;
; 8:1                ; 7 bits    ; 35 LEs        ; 28 LEs               ; 7 LEs                  ; No         ; |lab6_CPU|CPU:cpu1|ALU:alu1|Mux1     ;
+--------------------+-----------+---------------+----------------------+------------------------+------------+--------------------------------------+


+---------------------------------------------------------------------------------------------------+
; Source assignments for RAM:comb_12|altsyncram:altsyncram_component|altsyncram_91o1:auto_generated ;
+---------------------------------+--------------------+------+-------------------------------------+
; Assignment                      ; Value              ; From ; To                                  ;
+---------------------------------+--------------------+------+-------------------------------------+
; OPTIMIZE_POWER_DURING_SYNTHESIS ; NORMAL_COMPILATION ; -    ; -                                   ;
+---------------------------------+--------------------+------+-------------------------------------+


+------------------------------------------------------------------------------------------+
; Parameter Settings for User Entity Instance: RAM:comb_12|altsyncram:altsyncram_component ;
+------------------------------------+----------------------+------------------------------+
; Parameter Name                     ; Value                ; Type                         ;
+------------------------------------+----------------------+------------------------------+
; BYTE_SIZE_BLOCK                    ; 8                    ; Untyped                      ;
; AUTO_CARRY_CHAINS                  ; ON                   ; AUTO_CARRY                   ;
; IGNORE_CARRY_BUFFERS               ; OFF                  ; IGNORE_CARRY                 ;
; AUTO_CASCADE_CHAINS                ; ON                   ; AUTO_CASCADE                 ;
; IGNORE_CASCADE_BUFFERS             ; OFF                  ; IGNORE_CASCADE               ;
; WIDTH_BYTEENA                      ; 1                    ; Untyped                      ;
; OPERATION_MODE                     ; SINGLE_PORT          ; Untyped                      ;
; WIDTH_A                            ; 8                    ; Signed Integer               ;
; WIDTHAD_A                          ; 8                    ; Signed Integer               ;
; NUMWORDS_A                         ; 256                  ; Signed Integer               ;
; OUTDATA_REG_A                      ; CLOCK0               ; Untyped                      ;
; ADDRESS_ACLR_A                     ; NONE                 ; Untyped                      ;
; OUTDATA_ACLR_A                     ; NONE                 ; Untyped                      ;
; WRCONTROL_ACLR_A                   ; NONE                 ; Untyped                      ;
; INDATA_ACLR_A                      ; NONE                 ; Untyped                      ;
; BYTEENA_ACLR_A                     ; NONE                 ; Untyped                      ;
; WIDTH_B                            ; 1                    ; Untyped                      ;
; WIDTHAD_B                          ; 1                    ; Untyped                      ;
; NUMWORDS_B                         ; 1                    ; Untyped                      ;
; INDATA_REG_B                       ; CLOCK1               ; Untyped                      ;
; WRCONTROL_WRADDRESS_REG_B          ; CLOCK1               ; Untyped                      ;
; RDCONTROL_REG_B                    ; CLOCK1               ; Untyped                      ;
; ADDRESS_REG_B                      ; CLOCK1               ; Untyped                      ;
; OUTDATA_REG_B                      ; UNREGISTERED         ; Untyped                      ;
; BYTEENA_REG_B                      ; CLOCK1               ; Untyped                      ;
; INDATA_ACLR_B                      ; NONE                 ; Untyped                      ;
; WRCONTROL_ACLR_B                   ; NONE                 ; Untyped                      ;
; ADDRESS_ACLR_B                     ; NONE                 ; Untyped                      ;
; OUTDATA_ACLR_B                     ; NONE                 ; Untyped                      ;
; RDCONTROL_ACLR_B                   ; NONE                 ; Untyped                      ;
; BYTEENA_ACLR_B                     ; NONE                 ; Untyped                      ;
; WIDTH_BYTEENA_A                    ; 1                    ; Signed Integer               ;
; WIDTH_BYTEENA_B                    ; 1                    ; Untyped                      ;
; RAM_BLOCK_TYPE                     ; AUTO                 ; Untyped                      ;
; BYTE_SIZE                          ; 8                    ; Untyped                      ;
; READ_DURING_WRITE_MODE_MIXED_PORTS ; DONT_CARE            ; Untyped                      ;
; READ_DURING_WRITE_MODE_PORT_A      ; NEW_DATA_NO_NBE_READ ; Untyped                      ;
; READ_DURING_WRITE_MODE_PORT_B      ; NEW_DATA_NO_NBE_READ ; Untyped                      ;
; INIT_FILE                          ; RAM.mif              ; Untyped                      ;
; INIT_FILE_LAYOUT                   ; PORT_A               ; Untyped                      ;
; MAXIMUM_DEPTH                      ; 0                    ; Untyped                      ;
; CLOCK_ENABLE_INPUT_A               ; BYPASS               ; Untyped                      ;
; CLOCK_ENABLE_INPUT_B               ; NORMAL               ; Untyped                      ;
; CLOCK_ENABLE_OUTPUT_A              ; BYPASS               ; Untyped                      ;
; CLOCK_ENABLE_OUTPUT_B              ; NORMAL               ; Untyped                      ;
; CLOCK_ENABLE_CORE_A                ; USE_INPUT_CLKEN      ; Untyped                      ;
; CLOCK_ENABLE_CORE_B                ; USE_INPUT_CLKEN      ; Untyped                      ;
; ENABLE_ECC                         ; FALSE                ; Untyped                      ;
; ECC_PIPELINE_STAGE_ENABLED         ; FALSE                ; Untyped                      ;
; WIDTH_ECCSTATUS                    ; 3                    ; Untyped                      ;
; DEVICE_FAMILY                      ; Cyclone V            ; Untyped                      ;
; CBXI_PARAMETER                     ; altsyncram_91o1      ; Untyped                      ;
+------------------------------------+----------------------+------------------------------+
Note: In order to hide this table in the UI and the text report file, please set the "Show Parameter Settings in Synthesis Report" option in "Analysis and Synthesis Settings -> More Settings" to "Off".


+-----------------------------------------------------------------------------------------+
; altsyncram Parameter Settings by Entity Instance                                        ;
+-------------------------------------------+---------------------------------------------+
; Name                                      ; Value                                       ;
+-------------------------------------------+---------------------------------------------+
; Number of entity instances                ; 1                                           ;
; Entity Instance                           ; RAM:comb_12|altsyncram:altsyncram_component ;
;     -- OPERATION_MODE                     ; SINGLE_PORT                                 ;
;     -- WIDTH_A                            ; 8                                           ;
;     -- NUMWORDS_A                         ; 256                                         ;
;     -- OUTDATA_REG_A                      ; CLOCK0                                      ;
;     -- WIDTH_B                            ; 1                                           ;
;     -- NUMWORDS_B                         ; 1                                           ;
;     -- ADDRESS_REG_B                      ; CLOCK1                                      ;
;     -- OUTDATA_REG_B                      ; UNREGISTERED                                ;
;     -- RAM_BLOCK_TYPE                     ; AUTO                                        ;
;     -- READ_DURING_WRITE_MODE_MIXED_PORTS ; DONT_CARE                                   ;
+-------------------------------------------+---------------------------------------------+


+----------------------------------------------------------------------------------------------------------------+
; Port Connectivity Checks: "CPU:cpu1|SHIFTER:shf1"                                                              ;
+------+--------+----------+-------------------------------------------------------------------------------------+
; Port ; Type   ; Severity ; Details                                                                             ;
+------+--------+----------+-------------------------------------------------------------------------------------+
; CO   ; Output ; Info     ; Connected to dangling logic. Logic that only feeds a dangling port will be removed. ;
+------+--------+----------+-------------------------------------------------------------------------------------+


+-----------------------------------------------------+
; Post-Synthesis Netlist Statistics for Top Partition ;
+-----------------------+-----------------------------+
; Type                  ; Count                       ;
+-----------------------+-----------------------------+
; arriav_ff             ; 48                          ;
;     ENA               ; 40                          ;
;     plain             ; 8                           ;
; arriav_lcell_comb     ; 155                         ;
;     arith             ; 24                          ;
;         1 data inputs ; 16                          ;
;         4 data inputs ; 8                           ;
;     extend            ; 4                           ;
;         7 data inputs ; 4                           ;
;     normal            ; 127                         ;
;         1 data inputs ; 6                           ;
;         2 data inputs ; 4                           ;
;         3 data inputs ; 6                           ;
;         4 data inputs ; 58                          ;
;         5 data inputs ; 17                          ;
;         6 data inputs ; 36                          ;
; boundary_port         ; 61                          ;
; stratixv_ram_block    ; 8                           ;
;                       ;                             ;
; Max LUT depth         ; 8.30                        ;
; Average LUT depth     ; 5.14                        ;
+-----------------------+-----------------------------+


+-------------------------------+
; Elapsed Time Per Partition    ;
+----------------+--------------+
; Partition Name ; Elapsed Time ;
+----------------+--------------+
; Top            ; 00:00:00     ;
+----------------+--------------+


+-------------------------------+
; Analysis & Synthesis Messages ;
+-------------------------------+
Info: *******************************************************************
Info: Running Quartus Prime Analysis & Synthesis
    Info: Version 16.1.0 Build 196 10/24/2016 SJ Standard Edition
    Info: Processing started: Fri Aug 09 12:40:36 2019
Info: Command: quartus_map --read_settings_files=on --write_settings_files=off lab6_CPU -c lab6_CPU
Warning (18236): Number of processors has not been specified which may cause overloading on shared machines.  Set the global assignment NUM_PARALLEL_PROCESSORS in your QSF to an appropriate value for best performance.
Info (20030): Parallel compilation is enabled and will use 4 of the 4 processors detected
Info (12021): Found 1 design units, including 1 entities, in source file nrlt_microcode_rom.v
    Info (12023): Found entity 1: NRLT_microcode_rom File: C:/Users/Lthomsonpulikko2565/Desktop/CPU/CPU/NRLT_microcode_rom.v Line: 38
Info (12021): Found 1 design units, including 1 entities, in source file shifter.v
    Info (12023): Found entity 1: SHIFTER File: C:/Users/Lthomsonpulikko2565/Desktop/CPU/CPU/SHIFTER.v Line: 7
Info (12021): Found 1 design units, including 1 entities, in source file sevenseg.v
    Info (12023): Found entity 1: SEVENSEG File: C:/Users/Lthomsonpulikko2565/Desktop/CPU/CPU/SEVENSEG.v Line: 7
Info (12021): Found 1 design units, including 1 entities, in source file regfile.v
    Info (12023): Found entity 1: REGFILE File: C:/Users/Lthomsonpulikko2565/Desktop/CPU/CPU/REGFILE.v Line: 10
Info (12021): Found 1 design units, including 1 entities, in source file alu.v
    Info (12023): Found entity 1: ALU File: C:/Users/Lthomsonpulikko2565/Desktop/CPU/CPU/ALU.v Line: 8
Info (12021): Found 1 design units, including 1 entities, in source file lab6_cpu.v
    Info (12023): Found entity 1: lab6_CPU File: C:/Users/Lthomsonpulikko2565/Desktop/CPU/CPU/lab6_CPU.v Line: 8
Info (12021): Found 1 design units, including 1 entities, in source file cpu.v
    Info (12023): Found entity 1: CPU File: C:/Users/Lthomsonpulikko2565/Desktop/CPU/CPU/CPU.v Line: 10
Info (12021): Found 1 design units, including 1 entities, in source file ram.v
    Info (12023): Found entity 1: RAM File: C:/Users/Lthomsonpulikko2565/Desktop/CPU/CPU/RAM.v Line: 39
Critical Warning (10846): Verilog HDL Instantiation warning at lab6_CPU.v(27): instance has no name File: C:/Users/Lthomsonpulikko2565/Desktop/CPU/CPU/lab6_CPU.v Line: 27
Info (12127): Elaborating entity "lab6_CPU" for the top level hierarchy
Warning (10036): Verilog HDL or VHDL warning at lab6_CPU.v(19): object "CLK" assigned a value but never read File: C:/Users/Lthomsonpulikko2565/Desktop/CPU/CPU/lab6_CPU.v Line: 19
Info (12128): Elaborating entity "CPU" for hierarchy "CPU:cpu1" File: C:/Users/Lthomsonpulikko2565/Desktop/CPU/CPU/lab6_CPU.v Line: 24
Info (12128): Elaborating entity "NRLT_microcode_rom" for hierarchy "CPU:cpu1|NRLT_microcode_rom:rom1" File: C:/Users/Lthomsonpulikko2565/Desktop/CPU/CPU/CPU.v Line: 52
Info (12128): Elaborating entity "REGFILE" for hierarchy "CPU:cpu1|REGFILE:reg1" File: C:/Users/Lthomsonpulikko2565/Desktop/CPU/CPU/CPU.v Line: 80
Warning (10855): Verilog HDL warning at REGFILE.v(23): initial value for variable R should be constant File: C:/Users/Lthomsonpulikko2565/Desktop/CPU/CPU/REGFILE.v Line: 23
Info (12128): Elaborating entity "ALU" for hierarchy "CPU:cpu1|ALU:alu1" File: C:/Users/Lthomsonpulikko2565/Desktop/CPU/CPU/CPU.v Line: 83
Info (12128): Elaborating entity "SHIFTER" for hierarchy "CPU:cpu1|SHIFTER:shf1" File: C:/Users/Lthomsonpulikko2565/Desktop/CPU/CPU/CPU.v Line: 86
Info (12128): Elaborating entity "SEVENSEG" for hierarchy "CPU:cpu1|SEVENSEG:SEG0" File: C:/Users/Lthomsonpulikko2565/Desktop/CPU/CPU/CPU.v Line: 211
Info (12128): Elaborating entity "RAM" for hierarchy "RAM:comb_12" File: C:/Users/Lthomsonpulikko2565/Desktop/CPU/CPU/lab6_CPU.v Line: 27
Info (12128): Elaborating entity "altsyncram" for hierarchy "RAM:comb_12|altsyncram:altsyncram_component" File: C:/Users/Lthomsonpulikko2565/Desktop/CPU/CPU/RAM.v Line: 88
Info (12130): Elaborated megafunction instantiation "RAM:comb_12|altsyncram:altsyncram_component" File: C:/Users/Lthomsonpulikko2565/Desktop/CPU/CPU/RAM.v Line: 88
Info (12133): Instantiated megafunction "RAM:comb_12|altsyncram:altsyncram_component" with the following parameter: File: C:/Users/Lthomsonpulikko2565/Desktop/CPU/CPU/RAM.v Line: 88
    Info (12134): Parameter "clock_enable_input_a" = "BYPASS"
    Info (12134): Parameter "clock_enable_output_a" = "BYPASS"
    Info (12134): Parameter "init_file" = "RAM.mif"
    Info (12134): Parameter "intended_device_family" = "Cyclone V"
    Info (12134): Parameter "lpm_hint" = "ENABLE_RUNTIME_MOD=NO"
    Info (12134): Parameter "lpm_type" = "altsyncram"
    Info (12134): Parameter "numwords_a" = "256"
    Info (12134): Parameter "operation_mode" = "SINGLE_PORT"
    Info (12134): Parameter "outdata_aclr_a" = "NONE"
    Info (12134): Parameter "outdata_reg_a" = "CLOCK0"
    Info (12134): Parameter "power_up_uninitialized" = "FALSE"
    Info (12134): Parameter "read_during_write_mode_port_a" = "NEW_DATA_NO_NBE_READ"
    Info (12134): Parameter "widthad_a" = "8"
    Info (12134): Parameter "width_a" = "8"
    Info (12134): Parameter "width_byteena_a" = "1"
Info (12021): Found 1 design units, including 1 entities, in source file db/altsyncram_91o1.tdf
    Info (12023): Found entity 1: altsyncram_91o1 File: C:/Users/Lthomsonpulikko2565/Desktop/CPU/CPU/db/altsyncram_91o1.tdf Line: 28
Info (12128): Elaborating entity "altsyncram_91o1" for hierarchy "RAM:comb_12|altsyncram:altsyncram_component|altsyncram_91o1:auto_generated" File: c:/intelfpga/16.1/quartus/libraries/megafunctions/altsyncram.tdf Line: 792
Info (286030): Timing-Driven Synthesis is running
Info (17049): 32 registers lost all their fanouts during netlist optimizations.
Info (144001): Generated suppressed messages file C:/Users/Lthomsonpulikko2565/Desktop/CPU/CPU/output_files/lab6_CPU.map.smsg
Info (16010): Generating hard_block partition "hard_block:auto_generated_inst"
    Info (16011): Adding 0 node(s), including 0 DDIO, 0 PLL, 0 transceiver and 0 LCELL
Warning (21074): Design contains 8 input pin(s) that do not drive logic
    Warning (15610): No output dependent on input pin "SW[0]" File: C:/Users/Lthomsonpulikko2565/Desktop/CPU/CPU/lab6_CPU.v Line: 10
    Warning (15610): No output dependent on input pin "SW[1]" File: C:/Users/Lthomsonpulikko2565/Desktop/CPU/CPU/lab6_CPU.v Line: 10
    Warning (15610): No output dependent on input pin "SW[2]" File: C:/Users/Lthomsonpulikko2565/Desktop/CPU/CPU/lab6_CPU.v Line: 10
    Warning (15610): No output dependent on input pin "SW[3]" File: C:/Users/Lthomsonpulikko2565/Desktop/CPU/CPU/lab6_CPU.v Line: 10
    Warning (15610): No output dependent on input pin "SW[4]" File: C:/Users/Lthomsonpulikko2565/Desktop/CPU/CPU/lab6_CPU.v Line: 10
    Warning (15610): No output dependent on input pin "SW[5]" File: C:/Users/Lthomsonpulikko2565/Desktop/CPU/CPU/lab6_CPU.v Line: 10
    Warning (15610): No output dependent on input pin "SW[6]" File: C:/Users/Lthomsonpulikko2565/Desktop/CPU/CPU/lab6_CPU.v Line: 10
    Warning (15610): No output dependent on input pin "SW[7]" File: C:/Users/Lthomsonpulikko2565/Desktop/CPU/CPU/lab6_CPU.v Line: 10
Info (21057): Implemented 258 device resources after synthesis - the final resource count might be different
    Info (21058): Implemented 11 input pins
    Info (21059): Implemented 50 output pins
    Info (21061): Implemented 189 logic cells
    Info (21064): Implemented 8 RAM segments
Info: Quartus Prime Analysis & Synthesis was successful. 0 errors, 13 warnings
    Info: Peak virtual memory: 707 megabytes
    Info: Processing ended: Fri Aug 09 12:40:48 2019
    Info: Elapsed time: 00:00:12
    Info: Total CPU time (on all processors): 00:00:24


+------------------------------------------+
; Analysis & Synthesis Suppressed Messages ;
+------------------------------------------+
The suppressed messages can be found in C:/Users/Lthomsonpulikko2565/Desktop/CPU/CPU/output_files/lab6_CPU.map.smsg.


